Using pre-set license
Built from '2020.2/release' branch; Version is '2020.2.0f1 (3721df5a8b28) revision 3613151'; Using compiler version '192528614'; Build Type 'Release'
OS: 'Windows 10  (10.0.0) 64bit' Language: 'es' Physical Memory: 32714 MB
BatchMode: 1, IsHumanControllingUs: 0, StartBugReporterOnCrash: 0, Is64bit: 1, IsPro: 0

 COMMAND LINE ARGUMENTS:
C:\Program Files\Unity\Hub\Editor\2020.2.0f1\Editor\Unity.exe
-adb2
-batchMode
-noUpm
-name
AssetImportWorker0
-projectPath
D:/Unity/Unity Projects/obstacle course
-logFile
Logs/AssetImportWorker0.log
-srvPort
64913
Successfully changed project path to: D:/Unity/Unity Projects/obstacle course
D:/Unity/Unity Projects/obstacle course
Using Asset Import Pipeline V2.
Refreshing native plugins compatible for Editor in 26.19 ms, found 0 plugins.
Preloading 0 native plugins for Editor in 0.00 ms.
Initialize engine version: 2020.2.0f1 (3721df5a8b28)
[Subsystems] Discovering subsystems at path C:/Program Files/Unity/Hub/Editor/2020.2.0f1/Editor/Data/Resources/UnitySubsystems
[Subsystems] Discovering subsystems at path D:/Unity/Unity Projects/obstacle course/Assets
GfxDevice: creating device client; threaded=0
Direct3D:
    Version:  Direct3D 11.0 [level 11.1]
    Renderer: NVIDIA GeForce RTX 2070 (ID=0x1f07)
    Vendor:   
    VRAM:     8031 MB
    Driver:   27.21.14.5751
Initialize mono
Mono path[0] = 'C:/Program Files/Unity/Hub/Editor/2020.2.0f1/Editor/Data/Managed'
Mono path[1] = 'C:/Program Files/Unity/Hub/Editor/2020.2.0f1/Editor/Data/MonoBleedingEdge/lib/mono/unityjit'
Mono config path = 'C:/Program Files/Unity/Hub/Editor/2020.2.0f1/Editor/Data/MonoBleedingEdge/etc'
Using monoOptions --debugger-agent=transport=dt_socket,embedding=1,server=y,suspend=n,address=127.0.0.1:56880
Begin MonoManager ReloadAssembly
Registering precompiled unity dll's ...
Register platform support module: C:/Program Files/Unity/Hub/Editor/2020.2.0f1/Editor/Data/PlaybackEngines/WebGLSupport/UnityEditor.WebGL.Extensions.dll
Register platform support module: C:/Program Files/Unity/Hub/Editor/2020.2.0f1/Editor/Data/PlaybackEngines/WindowsStandaloneSupport/UnityEditor.WindowsStandalone.Extensions.dll
Registered in 0.002897 seconds.
Native extension for WindowsStandalone target not found
Native extension for WebGL target not found
Refreshing native plugins compatible for Editor in 25.29 ms, found 0 plugins.
Preloading 0 native plugins for Editor in 0.00 ms.
Invoked RoslynAnalysisRunner static constructor.
RoslynAnalysisRunner will not be running.
RoslynAnalysisRunner has terminated.
Mono: successfully reloaded assembly
- Completed reload, in  1.368 seconds
Platform modules already initialized, skipping
Registering precompiled user dll's ...
Registered in 0.000558 seconds.
Begin MonoManager ReloadAssembly
Native extension for WindowsStandalone target not found
Native extension for WebGL target not found
Refreshing native plugins compatible for Editor in 0.24 ms, found 0 plugins.
Preloading 0 native plugins for Editor in 0.00 ms.
Invoked RoslynAnalysisRunner static constructor.
RoslynAnalysisRunner will not be running.
RoslynAnalysisRunner has terminated.
Mono: successfully reloaded assembly
- Completed reload, in  0.916 seconds
Platform modules already initialized, skipping
========================================================================
Worker process is ready to serve import requests
Launched and connected shader compiler UnityShaderCompiler.exe after 0.08 seconds
Refreshing native plugins compatible for Editor in 0.25 ms, found 0 plugins.
Preloading 0 native plugins for Editor in 0.00 ms.
Unloading 1245 Unused Serialized files (Serialized files now loaded: 0)
System memory in use before: 61.3 MB.
System memory in use after: 61.4 MB.

Unloading 11 unused Assets to reduce memory usage. Loaded Objects now: 1686.
Total: 1.849500 ms (FindLiveObjects: 0.167800 ms CreateObjectMapping: 0.031800 ms MarkObjects: 1.578300 ms  DeleteObjects: 0.070200 ms)

========================================================================
Received Import Request.
  path: Assets/Spinner.mat
  artifactKey: Guid(3d141af95863f0a44bc115a9e51852a3) Importer(815301076,1909f56bfc062723c751e8b465ee728b)
Start importing Assets/Spinner.mat using Guid(3d141af95863f0a44bc115a9e51852a3) Importer(815301076,1909f56bfc062723c751e8b465ee728b)  -> (artifact id: 'b11b49d99ab60af6df170121e24a7d48') in 0.201885 seconds
  Import took 0.219731 seconds .

========================================================================
Received Import Request.
  Time since last request: 0.000201 seconds.
  path: Assets/Obstacles.mat
  artifactKey: Guid(368799dccef9e93498e6a9048ed4a3a7) Importer(815301076,1909f56bfc062723c751e8b465ee728b)
Start importing Assets/Obstacles.mat using Guid(368799dccef9e93498e6a9048ed4a3a7) Importer(815301076,1909f56bfc062723c751e8b465ee728b)  -> (artifact id: 'e4d5adf85bce7d67cc2a05c70cf8e4a9') in 0.031083 seconds
  Import took 0.092751 seconds .

========================================================================
Received Import Request.
  Time since last request: 3.336020 seconds.
  path: Assets/Prefabs
  artifactKey: Guid(fabb1817a3f15fe4e9bb6b39f95fd0e4) Importer(815301076,1909f56bfc062723c751e8b465ee728b)
Start importing Assets/Prefabs using Guid(fabb1817a3f15fe4e9bb6b39f95fd0e4) Importer(815301076,1909f56bfc062723c751e8b465ee728b)  -> (artifact id: 'fdc41f3266b51b38007dc3164cff76f5') in 0.006798 seconds
  Import took 0.011349 seconds .

========================================================================
Received Import Request.
  Time since last request: 6.943885 seconds.
  path: Assets/Prefabs/Roller.prefab
  artifactKey: Guid(0039cffc6ee660540bcf10760fdde6a5) Importer(815301076,1909f56bfc062723c751e8b465ee728b)
Start importing Assets/Prefabs/Roller.prefab using Guid(0039cffc6ee660540bcf10760fdde6a5) Importer(815301076,1909f56bfc062723c751e8b465ee728b)  -> (artifact id: '1f4d8bf977c0314724d2cbb3e2c630bc') in 0.177214 seconds
  Import took 0.192084 seconds .

========================================================================
Received Import Request.
  Time since last request: 2.183584 seconds.
  path: Assets/Prefabs/Spinner.prefab
  artifactKey: Guid(7806430d1e91cb040ae87937f86e8c90) Importer(815301076,1909f56bfc062723c751e8b465ee728b)
Start importing Assets/Prefabs/Spinner.prefab using Guid(7806430d1e91cb040ae87937f86e8c90) Importer(815301076,1909f56bfc062723c751e8b465ee728b)  -> (artifact id: '8e8c0c4d42c3ea5bd81506d6a14515cb') in 0.105756 seconds
  Import took 0.584747 seconds .

========================================================================
Received Import Request.
  Time since last request: 1.750609 seconds.
  path: Assets/Prefabs/Dropper.prefab
  artifactKey: Guid(8e8176994d8b0414d8c5e7aa4383afd9) Importer(815301076,1909f56bfc062723c751e8b465ee728b)
Start importing Assets/Prefabs/Dropper.prefab using Guid(8e8176994d8b0414d8c5e7aa4383afd9) Importer(815301076,1909f56bfc062723c751e8b465ee728b)  -> (artifact id: '6a812df2083f3a667be63dc6a5d7f276') in 0.015168 seconds
  Import took 0.017872 seconds .

========================================================================
Received Prepare
Registering precompiled user dll's ...
Registered in 0.000825 seconds.
Begin MonoManager ReloadAssembly
Native extension for WindowsStandalone target not found
Native extension for WebGL target not found
Refreshing native plugins compatible for Editor in 0.25 ms, found 0 plugins.
Preloading 0 native plugins for Editor in 0.00 ms.
Invoked RoslynAnalysisRunner static constructor.
RoslynAnalysisRunner will not be running.
RoslynAnalysisRunner has terminated.
Mono: successfully reloaded assembly
- Completed reload, in  0.945 seconds
Platform modules already initialized, skipping
Refreshing native plugins compatible for Editor in 0.27 ms, found 0 plugins.
Preloading 0 native plugins for Editor in 0.00 ms.
Unloading 1240 Unused Serialized files (Serialized files now loaded: 0)
System memory in use before: 64.9 MB.
System memory in use after: 64.9 MB.

Unloading 7 unused Assets to reduce memory usage. Loaded Objects now: 1731.
Total: 1.693900 ms (FindLiveObjects: 0.148200 ms CreateObjectMapping: 0.030900 ms MarkObjects: 1.463000 ms  DeleteObjects: 0.050800 ms)

AssetImportWorkerClient::OnTransportError - code=2 error=End of file
